{"C:\\Files\\3 курс\\Модульное тестирование\\courseWork\\server\\db.js": {"path":"C:\\Files\\3 курс\\Модульное тестирование\\courseWork\\server\\db.js","statementMap":{"0":{"start":{"line":1,"column":20},"end":{"line":1,"column":40}},"1":{"start":{"line":4,"column":0},"end":{"line":13,"column":1}}},"fnMap":{},"branchMap":{},"s":{"0":9,"1":9},"f":{},"b":{},"_coverageSchema":"1a1c01bbd47fc00a2c39e90264f33305004495a9","hash":"9617f0bb05a555391e3a9f38d2ab112b53c30388"}
,"C:\\Files\\3 курс\\Модульное тестирование\\courseWork\\server\\controllers\\basketDishController.js": {"path":"C:\\Files\\3 курс\\Модульное тестирование\\courseWork\\server\\controllers\\basketDishController.js","statementMap":{"0":{"start":{"line":1,"column":29},"end":{"line":1,"column":56}},"1":{"start":{"line":2,"column":17},"end":{"line":2,"column":45}},"2":{"start":{"line":6,"column":8},"end":{"line":12,"column":9}},"3":{"start":{"line":7,"column":39},"end":{"line":7,"column":47}},"4":{"start":{"line":8,"column":32},"end":{"line":8,"column":75}},"5":{"start":{"line":9,"column":12},"end":{"line":9,"column":41}},"6":{"start":{"line":11,"column":12},"end":{"line":11,"column":49}},"7":{"start":{"line":16,"column":24},"end":{"line":16,"column":46}},"8":{"start":{"line":17,"column":8},"end":{"line":17,"column":33}},"9":{"start":{"line":21,"column":0},"end":{"line":21,"column":44}}},"fnMap":{"0":{"name":"(anonymous_0)","decl":{"start":{"line":5,"column":4},"end":{"line":5,"column":5}},"loc":{"start":{"line":5,"column":32},"end":{"line":13,"column":5}},"line":5},"1":{"name":"(anonymous_1)","decl":{"start":{"line":15,"column":4},"end":{"line":15,"column":5}},"loc":{"start":{"line":15,"column":33},"end":{"line":18,"column":5}},"line":15}},"branchMap":{},"s":{"0":2,"1":2,"2":2,"3":2,"4":1,"5":1,"6":1,"7":1,"8":1,"9":2},"f":{"0":2,"1":1},"b":{},"_coverageSchema":"1a1c01bbd47fc00a2c39e90264f33305004495a9","hash":"17ed1c3017cc7105f63a5bcfcc7100cfe68add4a"}
,"C:\\Files\\3 курс\\Модульное тестирование\\courseWork\\server\\controllers\\categoryController.js": {"path":"C:\\Files\\3 курс\\Модульное тестирование\\courseWork\\server\\controllers\\categoryController.js","statementMap":{"0":{"start":{"line":1,"column":19},"end":{"line":1,"column":46}},"1":{"start":{"line":2,"column":17},"end":{"line":2,"column":45}},"2":{"start":{"line":3,"column":13},"end":{"line":3,"column":28}},"3":{"start":{"line":4,"column":13},"end":{"line":4,"column":28}},"4":{"start":{"line":5,"column":22},"end":{"line":5,"column":64}},"5":{"start":{"line":9,"column":8},"end":{"line":24,"column":9}},"6":{"start":{"line":10,"column":27},"end":{"line":10,"column":35}},"7":{"start":{"line":11,"column":30},"end":{"line":11,"column":39}},"8":{"start":{"line":13,"column":27},"end":{"line":13,"column":45}},"9":{"start":{"line":14,"column":12},"end":{"line":14,"column":74}},"10":{"start":{"line":16,"column":12},"end":{"line":18,"column":13}},"11":{"start":{"line":17,"column":16},"end":{"line":17,"column":130}},"12":{"start":{"line":20,"column":29},"end":{"line":20,"column":77}},"13":{"start":{"line":21,"column":12},"end":{"line":21,"column":38}},"14":{"start":{"line":23,"column":12},"end":{"line":23,"column":49}},"15":{"start":{"line":28,"column":27},"end":{"line":28,"column":51}},"16":{"start":{"line":29,"column":8},"end":{"line":29,"column":48}},"17":{"start":{"line":34,"column":0},"end":{"line":34,"column":42}}},"fnMap":{"0":{"name":"(anonymous_0)","decl":{"start":{"line":8,"column":4},"end":{"line":8,"column":5}},"loc":{"start":{"line":8,"column":32},"end":{"line":25,"column":5}},"line":8},"1":{"name":"(anonymous_1)","decl":{"start":{"line":27,"column":4},"end":{"line":27,"column":5}},"loc":{"start":{"line":27,"column":26},"end":{"line":30,"column":5}},"line":27}},"branchMap":{"0":{"loc":{"start":{"line":16,"column":12},"end":{"line":18,"column":13}},"type":"if","locations":[{"start":{"line":16,"column":12},"end":{"line":18,"column":13}},{"start":{},"end":{}}],"line":16}},"s":{"0":2,"1":2,"2":2,"3":2,"4":2,"5":3,"6":3,"7":2,"8":2,"9":2,"10":2,"11":1,"12":1,"13":1,"14":1,"15":1,"16":1,"17":2},"f":{"0":3,"1":1},"b":{"0":[1,1]},"_coverageSchema":"1a1c01bbd47fc00a2c39e90264f33305004495a9","hash":"8133094757200f8b15e629b753fce66b38b7f964"}
,"C:\\Files\\3 курс\\Модульное тестирование\\courseWork\\server\\controllers\\dishController.js": {"path":"C:\\Files\\3 курс\\Модульное тестирование\\courseWork\\server\\controllers\\dishController.js","statementMap":{"0":{"start":{"line":1,"column":15},"end":{"line":1,"column":42}},"1":{"start":{"line":2,"column":17},"end":{"line":2,"column":45}},"2":{"start":{"line":3,"column":13},"end":{"line":3,"column":28}},"3":{"start":{"line":4,"column":13},"end":{"line":4,"column":28}},"4":{"start":{"line":5,"column":67},"end":{"line":5,"column":105}},"5":{"start":{"line":9,"column":65},"end":{"line":9,"column":73}},"6":{"start":{"line":10,"column":26},"end":{"line":10,"column":35}},"7":{"start":{"line":12,"column":23},"end":{"line":12,"column":41}},"8":{"start":{"line":13,"column":8},"end":{"line":13,"column":70}},"9":{"start":{"line":15,"column":8},"end":{"line":17,"column":9}},"10":{"start":{"line":16,"column":12},"end":{"line":16,"column":122}},"11":{"start":{"line":18,"column":8},"end":{"line":20,"column":9}},"12":{"start":{"line":19,"column":12},"end":{"line":19,"column":92}},"13":{"start":{"line":21,"column":8},"end":{"line":23,"column":9}},"14":{"start":{"line":22,"column":12},"end":{"line":22,"column":111}},"15":{"start":{"line":24,"column":8},"end":{"line":26,"column":9}},"16":{"start":{"line":25,"column":12},"end":{"line":25,"column":103}},"17":{"start":{"line":27,"column":8},"end":{"line":29,"column":9}},"18":{"start":{"line":28,"column":12},"end":{"line":28,"column":70}},"19":{"start":{"line":31,"column":21},"end":{"line":31,"column":107}},"20":{"start":{"line":32,"column":8},"end":{"line":32,"column":30}},"21":{"start":{"line":36,"column":8},"end":{"line":50,"column":9}},"22":{"start":{"line":37,"column":44},"end":{"line":37,"column":53}},"23":{"start":{"line":38,"column":12},"end":{"line":38,"column":29}},"24":{"start":{"line":39,"column":12},"end":{"line":39,"column":31}},"25":{"start":{"line":40,"column":25},"end":{"line":40,"column":45}},"26":{"start":{"line":42,"column":12},"end":{"line":46,"column":13}},"27":{"start":{"line":43,"column":16},"end":{"line":43,"column":90}},"28":{"start":{"line":45,"column":16},"end":{"line":45,"column":69}},"29":{"start":{"line":47,"column":12},"end":{"line":47,"column":36}},"30":{"start":{"line":49,"column":12},"end":{"line":49,"column":49}},"31":{"start":{"line":54,"column":0},"end":{"line":54,"column":38}}},"fnMap":{"0":{"name":"(anonymous_0)","decl":{"start":{"line":8,"column":4},"end":{"line":8,"column":5}},"loc":{"start":{"line":8,"column":32},"end":{"line":33,"column":5}},"line":8},"1":{"name":"(anonymous_1)","decl":{"start":{"line":35,"column":4},"end":{"line":35,"column":5}},"loc":{"start":{"line":35,"column":32},"end":{"line":51,"column":5}},"line":35}},"branchMap":{"0":{"loc":{"start":{"line":15,"column":8},"end":{"line":17,"column":9}},"type":"if","locations":[{"start":{"line":15,"column":8},"end":{"line":17,"column":9}},{"start":{},"end":{}}],"line":15},"1":{"loc":{"start":{"line":18,"column":8},"end":{"line":20,"column":9}},"type":"if","locations":[{"start":{"line":18,"column":8},"end":{"line":20,"column":9}},{"start":{},"end":{}}],"line":18},"2":{"loc":{"start":{"line":21,"column":8},"end":{"line":23,"column":9}},"type":"if","locations":[{"start":{"line":21,"column":8},"end":{"line":23,"column":9}},{"start":{},"end":{}}],"line":21},"3":{"loc":{"start":{"line":24,"column":8},"end":{"line":26,"column":9}},"type":"if","locations":[{"start":{"line":24,"column":8},"end":{"line":26,"column":9}},{"start":{},"end":{}}],"line":24},"4":{"loc":{"start":{"line":27,"column":8},"end":{"line":29,"column":9}},"type":"if","locations":[{"start":{"line":27,"column":8},"end":{"line":29,"column":9}},{"start":{},"end":{}}],"line":27},"5":{"loc":{"start":{"line":38,"column":19},"end":{"line":38,"column":28}},"type":"binary-expr","locations":[{"start":{"line":38,"column":19},"end":{"line":38,"column":23}},{"start":{"line":38,"column":27},"end":{"line":38,"column":28}}],"line":38},"6":{"loc":{"start":{"line":39,"column":20},"end":{"line":39,"column":30}},"type":"binary-expr","locations":[{"start":{"line":39,"column":20},"end":{"line":39,"column":25}},{"start":{"line":39,"column":29},"end":{"line":39,"column":30}}],"line":39},"7":{"loc":{"start":{"line":42,"column":12},"end":{"line":46,"column":13}},"type":"if","locations":[{"start":{"line":42,"column":12},"end":{"line":46,"column":13}},{"start":{"line":44,"column":17},"end":{"line":46,"column":13}}],"line":42}},"s":{"0":2,"1":2,"2":2,"3":2,"4":2,"5":8,"6":8,"7":8,"8":8,"9":8,"10":1,"11":7,"12":1,"13":6,"14":2,"15":4,"16":2,"17":2,"18":1,"19":1,"20":1,"21":3,"22":3,"23":2,"24":2,"25":2,"26":2,"27":1,"28":1,"29":2,"30":1,"31":2},"f":{"0":8,"1":3},"b":{"0":[1,7],"1":[1,6],"2":[2,4],"3":[2,2],"4":[1,1],"5":[2,0],"6":[2,0],"7":[1,1]},"_coverageSchema":"1a1c01bbd47fc00a2c39e90264f33305004495a9","hash":"87d64c6faf3ce1b5daabd3e1aa38377b35c5c96c"}
,"C:\\Files\\3 курс\\Модульное тестирование\\courseWork\\server\\controllers\\userController.js": {"path":"C:\\Files\\3 курс\\Модульное тестирование\\courseWork\\server\\controllers\\userController.js","statementMap":{"0":{"start":{"line":1,"column":17},"end":{"line":1,"column":45}},"1":{"start":{"line":2,"column":15},"end":{"line":2,"column":32}},"2":{"start":{"line":3,"column":12},"end":{"line":3,"column":35}},"3":{"start":{"line":4,"column":30},"end":{"line":4,"column":57}},"4":{"start":{"line":5,"column":36},"end":{"line":5,"column":75}},"5":{"start":{"line":6,"column":32},"end":{"line":6,"column":70}},"6":{"start":{"line":8,"column":25},"end":{"line":14,"column":1}},"7":{"start":{"line":9,"column":4},"end":{"line":13,"column":5}},"8":{"start":{"line":16,"column":24},"end":{"line":22,"column":1}},"9":{"start":{"line":17,"column":4},"end":{"line":21,"column":5}},"10":{"start":{"line":26,"column":30},"end":{"line":26,"column":38}},"11":{"start":{"line":27,"column":8},"end":{"line":29,"column":9}},"12":{"start":{"line":28,"column":12},"end":{"line":28,"column":143}},"13":{"start":{"line":30,"column":8},"end":{"line":32,"column":9}},"14":{"start":{"line":31,"column":12},"end":{"line":31,"column":91}},"15":{"start":{"line":33,"column":21},"end":{"line":33,"column":53}},"16":{"start":{"line":34,"column":23},"end":{"line":34,"column":61}},"17":{"start":{"line":35,"column":22},"end":{"line":35,"column":69}},"18":{"start":{"line":36,"column":8},"end":{"line":36,"column":33}},"19":{"start":{"line":40,"column":34},"end":{"line":40,"column":42}},"20":{"start":{"line":41,"column":8},"end":{"line":43,"column":9}},"21":{"start":{"line":42,"column":12},"end":{"line":42,"column":115}},"22":{"start":{"line":44,"column":8},"end":{"line":46,"column":9}},"23":{"start":{"line":45,"column":12},"end":{"line":45,"column":92}},"24":{"start":{"line":47,"column":26},"end":{"line":47,"column":63}},"25":{"start":{"line":48,"column":8},"end":{"line":50,"column":9}},"26":{"start":{"line":49,"column":12},"end":{"line":49,"column":92}},"27":{"start":{"line":51,"column":29},"end":{"line":51,"column":59}},"28":{"start":{"line":52,"column":22},"end":{"line":52,"column":73}},"29":{"start":{"line":53,"column":22},"end":{"line":53,"column":61}},"30":{"start":{"line":54,"column":8},"end":{"line":54,"column":33}},"31":{"start":{"line":58,"column":34},"end":{"line":58,"column":42}},"32":{"start":{"line":59,"column":22},"end":{"line":59,"column":59}},"33":{"start":{"line":60,"column":8},"end":{"line":62,"column":9}},"34":{"start":{"line":61,"column":12},"end":{"line":61,"column":69}},"35":{"start":{"line":63,"column":30},"end":{"line":63,"column":74}},"36":{"start":{"line":64,"column":8},"end":{"line":66,"column":9}},"37":{"start":{"line":65,"column":12},"end":{"line":65,"column":69}},"38":{"start":{"line":67,"column":22},"end":{"line":67,"column":61}},"39":{"start":{"line":68,"column":8},"end":{"line":68,"column":33}},"40":{"start":{"line":72,"column":22},"end":{"line":72,"column":67}},"41":{"start":{"line":73,"column":8},"end":{"line":73,"column":33}},"42":{"start":{"line":77,"column":0},"end":{"line":77,"column":38}}},"fnMap":{"0":{"name":"(anonymous_0)","decl":{"start":{"line":8,"column":25},"end":{"line":8,"column":26}},"loc":{"start":{"line":8,"column":40},"end":{"line":14,"column":1}},"line":8},"1":{"name":"(anonymous_1)","decl":{"start":{"line":16,"column":24},"end":{"line":16,"column":25}},"loc":{"start":{"line":16,"column":45},"end":{"line":22,"column":1}},"line":16},"2":{"name":"(anonymous_2)","decl":{"start":{"line":25,"column":4},"end":{"line":25,"column":5}},"loc":{"start":{"line":25,"column":41},"end":{"line":37,"column":5}},"line":25},"3":{"name":"(anonymous_3)","decl":{"start":{"line":39,"column":4},"end":{"line":39,"column":5}},"loc":{"start":{"line":39,"column":39},"end":{"line":55,"column":5}},"line":39},"4":{"name":"(anonymous_4)","decl":{"start":{"line":57,"column":4},"end":{"line":57,"column":5}},"loc":{"start":{"line":57,"column":32},"end":{"line":69,"column":5}},"line":57},"5":{"name":"(anonymous_5)","decl":{"start":{"line":71,"column":4},"end":{"line":71,"column":5}},"loc":{"start":{"line":71,"column":25},"end":{"line":74,"column":5}},"line":71}},"branchMap":{"0":{"loc":{"start":{"line":27,"column":8},"end":{"line":29,"column":9}},"type":"if","locations":[{"start":{"line":27,"column":8},"end":{"line":29,"column":9}},{"start":{},"end":{}}],"line":27},"1":{"loc":{"start":{"line":30,"column":8},"end":{"line":32,"column":9}},"type":"if","locations":[{"start":{"line":30,"column":8},"end":{"line":32,"column":9}},{"start":{},"end":{}}],"line":30},"2":{"loc":{"start":{"line":41,"column":8},"end":{"line":43,"column":9}},"type":"if","locations":[{"start":{"line":41,"column":8},"end":{"line":43,"column":9}},{"start":{},"end":{}}],"line":41},"3":{"loc":{"start":{"line":44,"column":8},"end":{"line":46,"column":9}},"type":"if","locations":[{"start":{"line":44,"column":8},"end":{"line":46,"column":9}},{"start":{},"end":{}}],"line":44},"4":{"loc":{"start":{"line":48,"column":8},"end":{"line":50,"column":9}},"type":"if","locations":[{"start":{"line":48,"column":8},"end":{"line":50,"column":9}},{"start":{},"end":{}}],"line":48},"5":{"loc":{"start":{"line":60,"column":8},"end":{"line":62,"column":9}},"type":"if","locations":[{"start":{"line":60,"column":8},"end":{"line":62,"column":9}},{"start":{},"end":{}}],"line":60},"6":{"loc":{"start":{"line":64,"column":8},"end":{"line":66,"column":9}},"type":"if","locations":[{"start":{"line":64,"column":8},"end":{"line":66,"column":9}},{"start":{},"end":{}}],"line":64}},"s":{"0":3,"1":3,"2":3,"3":3,"4":3,"5":3,"6":3,"7":3,"8":3,"9":1,"10":6,"11":6,"12":2,"13":4,"14":3,"15":1,"16":1,"17":1,"18":1,"19":7,"20":7,"21":3,"22":4,"23":2,"24":2,"25":2,"26":1,"27":1,"28":1,"29":1,"30":1,"31":3,"32":3,"33":3,"34":1,"35":2,"36":2,"37":1,"38":1,"39":1,"40":1,"41":1,"42":3},"f":{"0":3,"1":1,"2":6,"3":7,"4":3,"5":1},"b":{"0":[2,4],"1":[3,1],"2":[3,4],"3":[2,2],"4":[1,1],"5":[1,2],"6":[1,1]},"_coverageSchema":"1a1c01bbd47fc00a2c39e90264f33305004495a9","hash":"849eeff6f990e9faae3ee4aea028f1137a61090e"}
,"C:\\Files\\3 курс\\Модульное тестирование\\courseWork\\server\\error\\ApiError.js": {"path":"C:\\Files\\3 курс\\Модульное тестирование\\courseWork\\server\\error\\ApiError.js","statementMap":{"0":{"start":{"line":3,"column":8},"end":{"line":3,"column":16}},"1":{"start":{"line":4,"column":8},"end":{"line":4,"column":29}},"2":{"start":{"line":5,"column":8},"end":{"line":5,"column":31}},"3":{"start":{"line":9,"column":8},"end":{"line":9,"column":42}},"4":{"start":{"line":13,"column":8},"end":{"line":13,"column":42}},"5":{"start":{"line":17,"column":8},"end":{"line":17,"column":42}},"6":{"start":{"line":21,"column":0},"end":{"line":21,"column":26}}},"fnMap":{"0":{"name":"(anonymous_0)","decl":{"start":{"line":2,"column":4},"end":{"line":2,"column":5}},"loc":{"start":{"line":2,"column":32},"end":{"line":6,"column":5}},"line":2},"1":{"name":"(anonymous_1)","decl":{"start":{"line":8,"column":4},"end":{"line":8,"column":5}},"loc":{"start":{"line":8,"column":30},"end":{"line":10,"column":5}},"line":8},"2":{"name":"(anonymous_2)","decl":{"start":{"line":12,"column":4},"end":{"line":12,"column":5}},"loc":{"start":{"line":12,"column":28},"end":{"line":14,"column":5}},"line":12},"3":{"name":"(anonymous_3)","decl":{"start":{"line":16,"column":4},"end":{"line":16,"column":5}},"loc":{"start":{"line":16,"column":29},"end":{"line":18,"column":5}},"line":16}},"branchMap":{},"s":{"0":51,"1":51,"2":51,"3":45,"4":4,"5":2,"6":10},"f":{"0":51,"1":45,"2":4,"3":2},"b":{},"_coverageSchema":"1a1c01bbd47fc00a2c39e90264f33305004495a9","hash":"78b6acf9270338eea04cd58c4278da16f47ddd7e"}
,"C:\\Files\\3 курс\\Модульное тестирование\\courseWork\\server\\models\\models.js": {"path":"C:\\Files\\3 курс\\Модульное тестирование\\courseWork\\server\\models\\models.js","statementMap":{"0":{"start":{"line":1,"column":18},"end":{"line":1,"column":34}},"1":{"start":{"line":2,"column":20},"end":{"line":2,"column":40}},"2":{"start":{"line":4,"column":13},"end":{"line":8,"column":2}},"3":{"start":{"line":10,"column":14},"end":{"line":14,"column":2}},"4":{"start":{"line":16,"column":15},"end":{"line":18,"column":2}},"5":{"start":{"line":20,"column":19},"end":{"line":22,"column":2}},"6":{"start":{"line":24,"column":13},"end":{"line":31,"column":2}},"7":{"start":{"line":33,"column":17},"end":{"line":37,"column":2}},"8":{"start":{"line":41,"column":0},"end":{"line":41,"column":20}},"9":{"start":{"line":42,"column":0},"end":{"line":42,"column":23}},"10":{"start":{"line":45,"column":0},"end":{"line":45,"column":27}},"11":{"start":{"line":46,"column":0},"end":{"line":46,"column":29}},"12":{"start":{"line":48,"column":0},"end":{"line":48,"column":25}},"13":{"start":{"line":49,"column":0},"end":{"line":49,"column":29}},"14":{"start":{"line":51,"column":0},"end":{"line":51,"column":23}},"15":{"start":{"line":52,"column":0},"end":{"line":52,"column":25}},"16":{"start":{"line":55,"column":0},"end":{"line":62,"column":2}}},"fnMap":{},"branchMap":{},"s":{"0":9,"1":9,"2":9,"3":9,"4":9,"5":9,"6":9,"7":9,"8":9,"9":9,"10":9,"11":9,"12":9,"13":9,"14":9,"15":9,"16":9},"f":{},"b":{},"_coverageSchema":"1a1c01bbd47fc00a2c39e90264f33305004495a9","hash":"9d4b02ca35c2ed0fa3fe538d729257dc2a25b4b3"}
,"C:\\Files\\3 курс\\Модульное тестирование\\courseWork\\server\\validation\\checkAdminInfo.js": {"path":"C:\\Files\\3 курс\\Модульное тестирование\\courseWork\\server\\validation\\checkAdminInfo.js","statementMap":{"0":{"start":{"line":3,"column":4},"end":{"line":7,"column":5}},"1":{"start":{"line":4,"column":6},"end":{"line":4,"column":18}},"2":{"start":{"line":6,"column":6},"end":{"line":6,"column":19}},"3":{"start":{"line":11,"column":4},"end":{"line":15,"column":5}},"4":{"start":{"line":12,"column":8},"end":{"line":12,"column":20}},"5":{"start":{"line":14,"column":8},"end":{"line":14,"column":21}},"6":{"start":{"line":18,"column":0},"end":{"line":18,"column":45}}},"fnMap":{"0":{"name":"checkLogin","decl":{"start":{"line":1,"column":9},"end":{"line":1,"column":19}},"loc":{"start":{"line":1,"column":26},"end":{"line":8,"column":1}},"line":1},"1":{"name":"checkPassword","decl":{"start":{"line":10,"column":9},"end":{"line":10,"column":22}},"loc":{"start":{"line":10,"column":32},"end":{"line":16,"column":1}},"line":10}},"branchMap":{"0":{"loc":{"start":{"line":3,"column":4},"end":{"line":7,"column":5}},"type":"if","locations":[{"start":{"line":3,"column":4},"end":{"line":7,"column":5}},{"start":{"line":5,"column":11},"end":{"line":7,"column":5}}],"line":3},"1":{"loc":{"start":{"line":3,"column":8},"end":{"line":3,"column":96}},"type":"binary-expr","locations":[{"start":{"line":3,"column":8},"end":{"line":3,"column":13}},{"start":{"line":3,"column":17},"end":{"line":3,"column":34}},{"start":{"line":3,"column":38},"end":{"line":3,"column":56}},{"start":{"line":3,"column":61},"end":{"line":3,"column":95}}],"line":3},"2":{"loc":{"start":{"line":11,"column":4},"end":{"line":15,"column":5}},"type":"if","locations":[{"start":{"line":11,"column":4},"end":{"line":15,"column":5}},{"start":{"line":13,"column":11},"end":{"line":15,"column":5}}],"line":11},"3":{"loc":{"start":{"line":11,"column":8},"end":{"line":11,"column":65}},"type":"binary-expr","locations":[{"start":{"line":11,"column":8},"end":{"line":11,"column":16}},{"start":{"line":11,"column":20},"end":{"line":11,"column":40}},{"start":{"line":11,"column":44},"end":{"line":11,"column":65}}],"line":11}},"s":{"0":15,"1":6,"2":9,"3":10,"4":4,"5":6,"6":4},"f":{"0":15,"1":10},"b":{"0":[6,9],"1":[15,14,11,10],"2":[4,6],"3":[10,9,6]},"_coverageSchema":"1a1c01bbd47fc00a2c39e90264f33305004495a9","hash":"09f5f02a6c98947ed4de27b67f1b6671f793853e"}
,"C:\\Files\\3 курс\\Модульное тестирование\\courseWork\\server\\validation\\checkCategoryInfo.js": {"path":"C:\\Files\\3 курс\\Модульное тестирование\\courseWork\\server\\validation\\checkCategoryInfo.js","statementMap":{"0":{"start":{"line":2,"column":2},"end":{"line":6,"column":3}},"1":{"start":{"line":3,"column":4},"end":{"line":3,"column":16}},"2":{"start":{"line":5,"column":4},"end":{"line":5,"column":17}},"3":{"start":{"line":9,"column":0},"end":{"line":9,"column":29}}},"fnMap":{"0":{"name":"checkName","decl":{"start":{"line":1,"column":9},"end":{"line":1,"column":18}},"loc":{"start":{"line":1,"column":24},"end":{"line":7,"column":1}},"line":1}},"branchMap":{"0":{"loc":{"start":{"line":2,"column":2},"end":{"line":6,"column":3}},"type":"if","locations":[{"start":{"line":2,"column":2},"end":{"line":6,"column":3}},{"start":{"line":4,"column":9},"end":{"line":6,"column":3}}],"line":2},"1":{"loc":{"start":{"line":2,"column":6},"end":{"line":2,"column":92}},"type":"binary-expr","locations":[{"start":{"line":2,"column":6},"end":{"line":2,"column":10}},{"start":{"line":2,"column":14},"end":{"line":2,"column":30}},{"start":{"line":2,"column":34},"end":{"line":2,"column":51}},{"start":{"line":2,"column":56},"end":{"line":2,"column":91}}],"line":2}},"s":{"0":8,"1":3,"2":5,"3":3},"f":{"0":8},"b":{"0":[3,5],"1":[8,7,6,5]},"_coverageSchema":"1a1c01bbd47fc00a2c39e90264f33305004495a9","hash":"7dd5a00963ec66b682f98acf662e2cb1f7e6e965"}
,"C:\\Files\\3 курс\\Модульное тестирование\\courseWork\\server\\validation\\checkDishInfo.js": {"path":"C:\\Files\\3 курс\\Модульное тестирование\\courseWork\\server\\validation\\checkDishInfo.js","statementMap":{"0":{"start":{"line":2,"column":2},"end":{"line":6,"column":3}},"1":{"start":{"line":3,"column":4},"end":{"line":3,"column":16}},"2":{"start":{"line":5,"column":4},"end":{"line":5,"column":17}},"3":{"start":{"line":10,"column":4},"end":{"line":14,"column":5}},"4":{"start":{"line":11,"column":8},"end":{"line":11,"column":20}},"5":{"start":{"line":13,"column":8},"end":{"line":13,"column":21}},"6":{"start":{"line":18,"column":4},"end":{"line":23,"column":5}},"7":{"start":{"line":19,"column":6},"end":{"line":19,"column":18}},"8":{"start":{"line":22,"column":6},"end":{"line":22,"column":19}},"9":{"start":{"line":27,"column":2},"end":{"line":32,"column":3}},"10":{"start":{"line":28,"column":4},"end":{"line":28,"column":16}},"11":{"start":{"line":31,"column":4},"end":{"line":31,"column":17}},"12":{"start":{"line":36,"column":0},"end":{"line":36,"column":75}}},"fnMap":{"0":{"name":"checkName","decl":{"start":{"line":1,"column":9},"end":{"line":1,"column":18}},"loc":{"start":{"line":1,"column":24},"end":{"line":7,"column":1}},"line":1},"1":{"name":"checkDescription","decl":{"start":{"line":9,"column":9},"end":{"line":9,"column":25}},"loc":{"start":{"line":9,"column":38},"end":{"line":15,"column":1}},"line":9},"2":{"name":"checkQuantity","decl":{"start":{"line":17,"column":9},"end":{"line":17,"column":22}},"loc":{"start":{"line":17,"column":32},"end":{"line":24,"column":1}},"line":17},"3":{"name":"checkPrice","decl":{"start":{"line":26,"column":9},"end":{"line":26,"column":19}},"loc":{"start":{"line":26,"column":26},"end":{"line":33,"column":1}},"line":26}},"branchMap":{"0":{"loc":{"start":{"line":2,"column":2},"end":{"line":6,"column":3}},"type":"if","locations":[{"start":{"line":2,"column":2},"end":{"line":6,"column":3}},{"start":{"line":4,"column":9},"end":{"line":6,"column":3}}],"line":2},"1":{"loc":{"start":{"line":2,"column":6},"end":{"line":2,"column":92}},"type":"binary-expr","locations":[{"start":{"line":2,"column":6},"end":{"line":2,"column":10}},{"start":{"line":2,"column":14},"end":{"line":2,"column":30}},{"start":{"line":2,"column":34},"end":{"line":2,"column":51}},{"start":{"line":2,"column":56},"end":{"line":2,"column":91}}],"line":2},"2":{"loc":{"start":{"line":10,"column":4},"end":{"line":14,"column":5}},"type":"if","locations":[{"start":{"line":10,"column":4},"end":{"line":14,"column":5}},{"start":{"line":12,"column":11},"end":{"line":14,"column":5}}],"line":10},"3":{"loc":{"start":{"line":10,"column":8},"end":{"line":10,"column":49}},"type":"binary-expr","locations":[{"start":{"line":10,"column":8},"end":{"line":10,"column":20}},{"start":{"line":10,"column":24},"end":{"line":10,"column":49}}],"line":10},"4":{"loc":{"start":{"line":18,"column":4},"end":{"line":23,"column":5}},"type":"if","locations":[{"start":{"line":18,"column":4},"end":{"line":23,"column":5}},{"start":{"line":21,"column":9},"end":{"line":23,"column":5}}],"line":18},"5":{"loc":{"start":{"line":18,"column":8},"end":{"line":18,"column":55}},"type":"binary-expr","locations":[{"start":{"line":18,"column":8},"end":{"line":18,"column":16}},{"start":{"line":18,"column":20},"end":{"line":18,"column":34}},{"start":{"line":18,"column":38},"end":{"line":18,"column":55}}],"line":18},"6":{"loc":{"start":{"line":27,"column":2},"end":{"line":32,"column":3}},"type":"if","locations":[{"start":{"line":27,"column":2},"end":{"line":32,"column":3}},{"start":{"line":30,"column":7},"end":{"line":32,"column":3}}],"line":27},"7":{"loc":{"start":{"line":27,"column":6},"end":{"line":27,"column":34}},"type":"binary-expr","locations":[{"start":{"line":27,"column":6},"end":{"line":27,"column":16}},{"start":{"line":27,"column":20},"end":{"line":27,"column":34}}],"line":27}},"s":{"0":14,"1":9,"2":5,"3":10,"4":8,"5":2,"6":12,"7":6,"8":6,"9":10,"10":4,"11":6,"12":3},"f":{"0":14,"1":10,"2":12,"3":10},"b":{"0":[9,5],"1":[14,13,12,11],"2":[8,2],"3":[10,9],"4":[6,6],"5":[12,11,8],"6":[4,6],"7":[10,6]},"_coverageSchema":"1a1c01bbd47fc00a2c39e90264f33305004495a9","hash":"bae9b08dbed2cf53318923fabb9883a566955707"}
,"C:\\Files\\3 курс\\Модульное тестирование\\courseWork\\server\\validation\\checkUserInfo.js": {"path":"C:\\Files\\3 курс\\Модульное тестирование\\courseWork\\server\\validation\\checkUserInfo.js","statementMap":{"0":{"start":{"line":2,"column":4},"end":{"line":6,"column":5}},"1":{"start":{"line":3,"column":6},"end":{"line":3,"column":18}},"2":{"start":{"line":5,"column":6},"end":{"line":5,"column":19}},"3":{"start":{"line":10,"column":4},"end":{"line":14,"column":5}},"4":{"start":{"line":11,"column":8},"end":{"line":11,"column":20}},"5":{"start":{"line":13,"column":8},"end":{"line":13,"column":21}},"6":{"start":{"line":17,"column":0},"end":{"line":17,"column":41}}},"fnMap":{"0":{"name":"checkName","decl":{"start":{"line":1,"column":9},"end":{"line":1,"column":18}},"loc":{"start":{"line":1,"column":24},"end":{"line":7,"column":1}},"line":1},"1":{"name":"checkPhone","decl":{"start":{"line":9,"column":9},"end":{"line":9,"column":19}},"loc":{"start":{"line":9,"column":26},"end":{"line":15,"column":1}},"line":9}},"branchMap":{"0":{"loc":{"start":{"line":2,"column":4},"end":{"line":6,"column":5}},"type":"if","locations":[{"start":{"line":2,"column":4},"end":{"line":6,"column":5}},{"start":{"line":4,"column":11},"end":{"line":6,"column":5}}],"line":2},"1":{"loc":{"start":{"line":2,"column":8},"end":{"line":2,"column":95}},"type":"binary-expr","locations":[{"start":{"line":2,"column":8},"end":{"line":2,"column":12}},{"start":{"line":2,"column":16},"end":{"line":2,"column":32}},{"start":{"line":2,"column":36},"end":{"line":2,"column":54}},{"start":{"line":2,"column":59},"end":{"line":2,"column":94}}],"line":2},"2":{"loc":{"start":{"line":10,"column":4},"end":{"line":14,"column":5}},"type":"if","locations":[{"start":{"line":10,"column":4},"end":{"line":14,"column":5}},{"start":{"line":12,"column":9},"end":{"line":14,"column":5}}],"line":10},"3":{"loc":{"start":{"line":10,"column":7},"end":{"line":10,"column":59}},"type":"binary-expr","locations":[{"start":{"line":10,"column":7},"end":{"line":10,"column":12}},{"start":{"line":10,"column":16},"end":{"line":10,"column":34}},{"start":{"line":10,"column":39},"end":{"line":10,"column":58}}],"line":10}},"s":{"0":12,"1":6,"2":6,"3":9,"4":2,"5":7,"6":4},"f":{"0":12,"1":9},"b":{"0":[6,6],"1":[12,11,9,8],"2":[2,7],"3":[9,8,3]},"_coverageSchema":"1a1c01bbd47fc00a2c39e90264f33305004495a9","hash":"4e01b1256e7461d019c884245ba432567599ae3c"}
}
