TN:
SF:db.js
FNF:0
FNH:0
DA:1,9
DA:4,9
LF:2
LH:2
BRF:0
BRH:0
end_of_record
TN:
SF:controllers\basketDishController.js
FN:5,(anonymous_0)
FN:15,(anonymous_1)
FNF:2
FNH:2
FNDA:2,(anonymous_0)
FNDA:1,(anonymous_1)
DA:1,2
DA:2,2
DA:6,2
DA:7,2
DA:8,1
DA:9,1
DA:11,1
DA:16,1
DA:17,1
DA:21,2
LF:10
LH:10
BRF:0
BRH:0
end_of_record
TN:
SF:controllers\categoryController.js
FN:8,(anonymous_0)
FN:27,(anonymous_1)
FNF:2
FNH:2
FNDA:3,(anonymous_0)
FNDA:1,(anonymous_1)
DA:1,2
DA:2,2
DA:3,2
DA:4,2
DA:5,2
DA:9,3
DA:10,3
DA:11,2
DA:13,2
DA:14,2
DA:16,2
DA:17,1
DA:20,1
DA:21,1
DA:23,1
DA:28,1
DA:29,1
DA:34,2
LF:18
LH:18
BRDA:16,0,0,1
BRDA:16,0,1,1
BRF:2
BRH:2
end_of_record
TN:
SF:controllers\dishController.js
FN:8,(anonymous_0)
FN:35,(anonymous_1)
FNF:2
FNH:2
FNDA:8,(anonymous_0)
FNDA:3,(anonymous_1)
DA:1,2
DA:2,2
DA:3,2
DA:4,2
DA:5,2
DA:9,8
DA:10,8
DA:12,8
DA:13,8
DA:15,8
DA:16,1
DA:18,7
DA:19,1
DA:21,6
DA:22,2
DA:24,4
DA:25,2
DA:27,2
DA:28,1
DA:31,1
DA:32,1
DA:36,3
DA:37,3
DA:38,2
DA:39,2
DA:40,2
DA:42,2
DA:43,1
DA:45,1
DA:47,2
DA:49,1
DA:54,2
LF:32
LH:32
BRDA:15,0,0,1
BRDA:15,0,1,7
BRDA:18,1,0,1
BRDA:18,1,1,6
BRDA:21,2,0,2
BRDA:21,2,1,4
BRDA:24,3,0,2
BRDA:24,3,1,2
BRDA:27,4,0,1
BRDA:27,4,1,1
BRDA:38,5,0,2
BRDA:38,5,1,0
BRDA:39,6,0,2
BRDA:39,6,1,0
BRDA:42,7,0,1
BRDA:42,7,1,1
BRF:16
BRH:14
end_of_record
TN:
SF:controllers\userController.js
FN:8,(anonymous_0)
FN:16,(anonymous_1)
FN:25,(anonymous_2)
FN:39,(anonymous_3)
FN:57,(anonymous_4)
FN:71,(anonymous_5)
FNF:6
FNH:6
FNDA:3,(anonymous_0)
FNDA:1,(anonymous_1)
FNDA:6,(anonymous_2)
FNDA:7,(anonymous_3)
FNDA:3,(anonymous_4)
FNDA:1,(anonymous_5)
DA:1,3
DA:2,3
DA:3,3
DA:4,3
DA:5,3
DA:6,3
DA:8,3
DA:9,3
DA:16,3
DA:17,1
DA:26,6
DA:27,6
DA:28,2
DA:30,4
DA:31,3
DA:33,1
DA:34,1
DA:35,1
DA:36,1
DA:40,7
DA:41,7
DA:42,3
DA:44,4
DA:45,2
DA:47,2
DA:48,2
DA:49,1
DA:51,1
DA:52,1
DA:53,1
DA:54,1
DA:58,3
DA:59,3
DA:60,3
DA:61,1
DA:63,2
DA:64,2
DA:65,1
DA:67,1
DA:68,1
DA:72,1
DA:73,1
DA:77,3
LF:43
LH:43
BRDA:27,0,0,2
BRDA:27,0,1,4
BRDA:30,1,0,3
BRDA:30,1,1,1
BRDA:41,2,0,3
BRDA:41,2,1,4
BRDA:44,3,0,2
BRDA:44,3,1,2
BRDA:48,4,0,1
BRDA:48,4,1,1
BRDA:60,5,0,1
BRDA:60,5,1,2
BRDA:64,6,0,1
BRDA:64,6,1,1
BRF:14
BRH:14
end_of_record
TN:
SF:error\ApiError.js
FN:2,(anonymous_0)
FN:8,(anonymous_1)
FN:12,(anonymous_2)
FN:16,(anonymous_3)
FNF:4
FNH:4
FNDA:51,(anonymous_0)
FNDA:45,(anonymous_1)
FNDA:4,(anonymous_2)
FNDA:2,(anonymous_3)
DA:3,51
DA:4,51
DA:5,51
DA:9,45
DA:13,4
DA:17,2
DA:21,10
LF:7
LH:7
BRF:0
BRH:0
end_of_record
TN:
SF:models\models.js
FNF:0
FNH:0
DA:1,9
DA:2,9
DA:4,9
DA:10,9
DA:16,9
DA:20,9
DA:24,9
DA:33,9
DA:41,9
DA:42,9
DA:45,9
DA:46,9
DA:48,9
DA:49,9
DA:51,9
DA:52,9
DA:55,9
LF:17
LH:17
BRF:0
BRH:0
end_of_record
TN:
SF:validation\checkAdminInfo.js
FN:1,checkLogin
FN:10,checkPassword
FNF:2
FNH:2
FNDA:15,checkLogin
FNDA:10,checkPassword
DA:3,15
DA:4,6
DA:6,9
DA:11,10
DA:12,4
DA:14,6
DA:18,4
LF:7
LH:7
BRDA:3,0,0,6
BRDA:3,0,1,9
BRDA:3,1,0,15
BRDA:3,1,1,14
BRDA:3,1,2,11
BRDA:3,1,3,10
BRDA:11,2,0,4
BRDA:11,2,1,6
BRDA:11,3,0,10
BRDA:11,3,1,9
BRDA:11,3,2,6
BRF:11
BRH:11
end_of_record
TN:
SF:validation\checkCategoryInfo.js
FN:1,checkName
FNF:1
FNH:1
FNDA:8,checkName
DA:2,8
DA:3,3
DA:5,5
DA:9,3
LF:4
LH:4
BRDA:2,0,0,3
BRDA:2,0,1,5
BRDA:2,1,0,8
BRDA:2,1,1,7
BRDA:2,1,2,6
BRDA:2,1,3,5
BRF:6
BRH:6
end_of_record
TN:
SF:validation\checkDishInfo.js
FN:1,checkName
FN:9,checkDescription
FN:17,checkQuantity
FN:26,checkPrice
FNF:4
FNH:4
FNDA:14,checkName
FNDA:10,checkDescription
FNDA:12,checkQuantity
FNDA:10,checkPrice
DA:2,14
DA:3,9
DA:5,5
DA:10,10
DA:11,8
DA:13,2
DA:18,12
DA:19,6
DA:22,6
DA:27,10
DA:28,4
DA:31,6
DA:36,3
LF:13
LH:13
BRDA:2,0,0,9
BRDA:2,0,1,5
BRDA:2,1,0,14
BRDA:2,1,1,13
BRDA:2,1,2,12
BRDA:2,1,3,11
BRDA:10,2,0,8
BRDA:10,2,1,2
BRDA:10,3,0,10
BRDA:10,3,1,9
BRDA:18,4,0,6
BRDA:18,4,1,6
BRDA:18,5,0,12
BRDA:18,5,1,11
BRDA:18,5,2,8
BRDA:27,6,0,4
BRDA:27,6,1,6
BRDA:27,7,0,10
BRDA:27,7,1,6
BRF:19
BRH:19
end_of_record
TN:
SF:validation\checkUserInfo.js
FN:1,checkName
FN:9,checkPhone
FNF:2
FNH:2
FNDA:12,checkName
FNDA:9,checkPhone
DA:2,12
DA:3,6
DA:5,6
DA:10,9
DA:11,2
DA:13,7
DA:17,4
LF:7
LH:7
BRDA:2,0,0,6
BRDA:2,0,1,6
BRDA:2,1,0,12
BRDA:2,1,1,11
BRDA:2,1,2,9
BRDA:2,1,3,8
BRDA:10,2,0,2
BRDA:10,2,1,7
BRDA:10,3,0,9
BRDA:10,3,1,8
BRDA:10,3,2,3
BRF:11
BRH:11
end_of_record
